[maria_dev@sandbox-hdp MovieRecs]$ spark-submit --class MovieRecom2 /home/maria_dev/MovieRecs/JavaMovieReccomMLLib.jar
SPARK_MAJOR_VERSION is set to 2, using Spark2

Found 1682 Movies.

user0Ratings
+-------+------+---------+------+
|movieId|rating|timestamp|userId|
+-------+------+---------+------+
|     50|     5|881250949|     0|
|    172|     5|881250949|     0|
|    133|     1|881250949|     0|
+-------+------+---------+------+

ratingCounts
+-------+-----+
|movieId|count|
+-------+-----+
|    496|  231|
|    471|  221|
|    148|  128|
|    243|  132|
|     31|  154|
|    451|  170|
|    137|  171|
|     65|  115|
|    879|  136|
|    255|  172|
|    588|  202|
|     53|  128|
|    133|  172|
|    472|  158|
|    322|  218|
|   1016|  137|
|    321|  169|
|    597|  206|
|    193|  157|
|    211|  206|
+-------+-----+
only showing top 20 rows

testMoviesForUser0
+-------+------+
|movieId|userId|
+-------+------+
|    496|     0|
|    471|     0|
|    148|     0|
|    243|     0|
|     31|     0|
|    451|     0|
|    137|     0|
|     65|     0|
|    879|     0|
|    255|     0|
|    588|     0|
|     53|     0|
|    133|     0|
|    472|     0|
|    322|     0|
|   1016|     0|
|    321|     0|
|    597|     0|
|    193|     0|
|    211|     0|
+-------+------+
only showing top 20 rows

recommendations
+-------+------+----------+
|movieId|userId|prediction|
+-------+------+----------+
|    148|     0|  3.670433|
|    471|     0|   3.79199|
|    496|     0|  2.093522|
|    243|     0| 1.5109718|
|     31|     0| 3.8928835|
|    137|     0| 0.9506397|
|    451|     0| 2.5444224|
|     65|     0| 1.3252453|
|    879|     0| 2.9333222|
|     53|     0|  5.346308|
|    255|     0|   4.68195|
|    588|     0| 2.7230315|
|    133|     0| 1.0696073|
|    472|     0| 2.9642382|
|    322|     0| 3.2589493|
|   1016|     0|  4.782862|
|    321|     0| 4.0140414|
|    597|     0|  3.720828|
|    193|     0| 3.7233071|
|    211|     0|  3.541896|
+-------+------+----------+
only showing top 20 rows

userRecs
+------+--------------------+
|userId|     recommendations|
+------+--------------------+
|     0|[[987, 10.80352],...|
+------+--------------------+

recommendations: WrappedArray([987,10.80352], [1410,9.431293], [1425,9.419503], [1159,8.309753], [635,8.01261], [1154,7.977599], [67,7.743668], [721,7.6603794], [41,7.288834], [1301,7.2481556], [1234,7.2238564], [219,7.214952], [1265,7.0602756], [388,7.0288105], [763,7.0052466], [534,6.98188], [891,6.956338], [1094,6.8967094], [1127,6.890861], [552,6.833498])
Underworld (1997) : 10.80352
Harlem (1993) : 9.431293
I'll Do Anything (1994) : 9.419503
Stalker (1979) : 8.309753
Fog, The (1980) : 8.01261
Alphaville (1965) : 7.977599
Ace Ventura: Pet Detective (1994) : 7.743668
Mallrats (1995) : 7.6603794
Billy Madison (1995) : 7.288834
Stripes (1981) : 7.2481556
Chairman of the Board (1998) : 7.2238564
Nightmare on Elm Street, A (1984) : 7.214952
Star Maps (1997) : 7.0602756
Beverly Hills Cop III (1994) : 7.0288105
Happy Gilmore (1996) : 7.0052466
Traveller (1997) : 6.98188
Bent (1997) : 6.956338
Thin Line Between Love and Hate, A (1996) : 6.8967094
Truman Show, The (1998) : 6.890861
Species (1995) : 6.833498

userSubsetRecs
+------+--------------------+
|userId|     recommendations|
+------+--------------------+
|     0|[[987, 10.80352],...|
+------+--------------------+

Underworld (1997) : 10.80352
Harlem (1993) : 9.431293
I'll Do Anything (1994) : 9.419503
Stalker (1979) : 8.309753
Fog, The (1980) : 8.01261
Alphaville (1965) : 7.977599
Ace Ventura: Pet Detective (1994) : 7.743668
Mallrats (1995) : 7.6603794
Billy Madison (1995) : 7.288834
Stripes (1981) : 7.2481556
